Performing C SOURCE FILE Test CMAKE_HAVE_LIBC_PTHREAD failed with the following output:
Change Dir: /file/sync_files/FasterMVSNet/fusibile-master/CMakeFiles/CMakeTmp

Run Build Command(s):/usr/bin/make -f Makefile cmTC_9716e/fast && /usr/bin/make  -f CMakeFiles/cmTC_9716e.dir/build.make CMakeFiles/cmTC_9716e.dir/build
make[1]: Entering directory '/file/sync_files/FasterMVSNet/fusibile-master/CMakeFiles/CMakeTmp'
Building C object CMakeFiles/cmTC_9716e.dir/src.c.o
/usr/bin/cc -DCMAKE_HAVE_LIBC_PTHREAD  -fPIC  -o CMakeFiles/cmTC_9716e.dir/src.c.o -c /file/sync_files/FasterMVSNet/fusibile-master/CMakeFiles/CMakeTmp/src.c
Linking C executable cmTC_9716e
/usr/local/bin/cmake -E cmake_link_script CMakeFiles/cmTC_9716e.dir/link.txt --verbose=1
/usr/bin/cc -fPIC  -rdynamic CMakeFiles/cmTC_9716e.dir/src.c.o -o cmTC_9716e 
CMakeFiles/cmTC_9716e.dir/src.c.o: In function `main':
src.c:(.text+0x3e): undefined reference to `pthread_create'
src.c:(.text+0x4a): undefined reference to `pthread_detach'
src.c:(.text+0x56): undefined reference to `pthread_cancel'
src.c:(.text+0x67): undefined reference to `pthread_join'
src.c:(.text+0x7b): undefined reference to `pthread_atfork'
collect2: error: ld returned 1 exit status
CMakeFiles/cmTC_9716e.dir/build.make:98: recipe for target 'cmTC_9716e' failed
make[1]: *** [cmTC_9716e] Error 1
make[1]: Leaving directory '/file/sync_files/FasterMVSNet/fusibile-master/CMakeFiles/CMakeTmp'
Makefile:127: recipe for target 'cmTC_9716e/fast' failed
make: *** [cmTC_9716e/fast] Error 2


Source file was:
#include <pthread.h>

static void* test_func(void* data)
{
  return data;
}

int main(void)
{
  pthread_t thread;
  pthread_create(&thread, NULL, test_func, NULL);
  pthread_detach(thread);
  pthread_cancel(thread);
  pthread_join(thread, NULL);
  pthread_atfork(NULL, NULL, NULL);
  pthread_exit(NULL);

  return 0;
}

Determining if the function pthread_create exists in the pthreads failed with the following output:
Change Dir: /file/sync_files/FasterMVSNet/fusibile-master/CMakeFiles/CMakeTmp

Run Build Command(s):/usr/bin/make -f Makefile cmTC_65912/fast && /usr/bin/make  -f CMakeFiles/cmTC_65912.dir/build.make CMakeFiles/cmTC_65912.dir/build
make[1]: Entering directory '/file/sync_files/FasterMVSNet/fusibile-master/CMakeFiles/CMakeTmp'
Building C object CMakeFiles/cmTC_65912.dir/CheckFunctionExists.c.o
/usr/bin/cc   -fPIC -DCHECK_FUNCTION_EXISTS=pthread_create -o CMakeFiles/cmTC_65912.dir/CheckFunctionExists.c.o -c /usr/local/share/cmake-3.21/Modules/CheckFunctionExists.c
Linking C executable cmTC_65912
/usr/local/bin/cmake -E cmake_link_script CMakeFiles/cmTC_65912.dir/link.txt --verbose=1
/usr/bin/cc -fPIC -DCHECK_FUNCTION_EXISTS=pthread_create -rdynamic CMakeFiles/cmTC_65912.dir/CheckFunctionExists.c.o -o cmTC_65912  -lpthreads 
/usr/bin/ld: cannot find -lpthreads
collect2: error: ld returned 1 exit status
CMakeFiles/cmTC_65912.dir/build.make:98: recipe for target 'cmTC_65912' failed
make[1]: *** [cmTC_65912] Error 1
make[1]: Leaving directory '/file/sync_files/FasterMVSNet/fusibile-master/CMakeFiles/CMakeTmp'
Makefile:127: recipe for target 'cmTC_65912/fast' failed
make: *** [cmTC_65912/fast] Error 2



